0 info it worked if it ends with ok
1 verbose cli [ 'C:\\Program Files (x86)\\nodejs\\\\node.exe',
1 verbose cli   'C:\\Program Files (x86)\\nodejs\\node_modules\\npm\\bin\\npm-cli.js',
1 verbose cli   'install',
1 verbose cli   'adaljs' ]
2 info using npm@1.4.3
3 info using node@v0.10.26
4 verbose node symlink C:\Program Files (x86)\nodejs\\node.exe
5 verbose readDependencies using package.json deps
6 verbose cache add [ 'adaljs', null ]
7 verbose cache add name=undefined spec="adaljs" args=["adaljs",null]
8 verbose parsed url { protocol: null,
8 verbose parsed url   slashes: null,
8 verbose parsed url   auth: null,
8 verbose parsed url   host: null,
8 verbose parsed url   port: null,
8 verbose parsed url   hostname: null,
8 verbose parsed url   hash: null,
8 verbose parsed url   search: null,
8 verbose parsed url   query: null,
8 verbose parsed url   pathname: 'adaljs',
8 verbose parsed url   path: 'adaljs',
8 verbose parsed url   href: 'adaljs' }
9 silly lockFile ffcb9b63-adaljs adaljs
10 verbose lock adaljs C:\Users\rhoward\AppData\Roaming\npm-cache\ffcb9b63-adaljs.lock
11 silly lockFile ffcb9b63-adaljs adaljs
12 silly lockFile ffcb9b63-adaljs adaljs
13 verbose addNamed [ 'adaljs', '' ]
14 verbose addNamed [ null, '*' ]
15 silly lockFile cc478fe3-adaljs adaljs@
16 verbose lock adaljs@ C:\Users\rhoward\AppData\Roaming\npm-cache\cc478fe3-adaljs.lock
17 silly addNameRange { name: 'adaljs', range: '*', hasData: false }
18 verbose url raw adaljs
19 verbose url resolving [ 'https://registry.npmjs.org/', './adaljs' ]
20 verbose url resolved https://registry.npmjs.org/adaljs
21 info trying registry request attempt 1 at 13:01:56
22 http GET https://registry.npmjs.org/adaljs
23 http 404 https://registry.npmjs.org/adaljs
24 silly registry.get cb [ 404,
24 silly registry.get   { date: 'Tue, 17 Mar 2015 20:01:57 GMT',
24 silly registry.get     server: 'CouchDB/1.5.0 (Erlang OTP/R16B03)',
24 silly registry.get     'content-type': 'application/json',
24 silly registry.get     'cache-control': 'max-age=0',
24 silly registry.get     'content-length': '51',
24 silly registry.get     'accept-ranges': 'bytes',
24 silly registry.get     via: '1.1 varnish',
24 silly registry.get     age: '0',
24 silly registry.get     'x-served-by': 'cache-sjc3125-SJC',
24 silly registry.get     'x-cache': 'MISS',
24 silly registry.get     'x-cache-hits': '0',
24 silly registry.get     'x-timer': 'S1426622517.410235,VS0,VE37',
24 silly registry.get     'keep-alive': 'timeout=10, max=50',
24 silly registry.get     connection: 'Keep-Alive' } ]
25 silly lockFile cc478fe3-adaljs adaljs@
26 silly lockFile cc478fe3-adaljs adaljs@
27 error 404 'adaljs' is not in the npm registry.
27 error 404 You should bug the author to publish it
27 error 404 It was specified as a dependency of 'VideoPortalSpa'
27 error 404
27 error 404 Note that you can also install from a
27 error 404 tarball, folder, or http url, or git url.
28 error System Windows_NT 6.2.9200
29 error command "C:\\Program Files (x86)\\nodejs\\\\node.exe" "C:\\Program Files (x86)\\nodejs\\node_modules\\npm\\bin\\npm-cli.js" "install" "adaljs"
30 error cwd C:\Users\rhoward\Source\gitprojects\VideoPortalSpa
31 error node -v v0.10.26
32 error npm -v 1.4.3
33 error code E404
34 verbose exit [ 1, true ]
